<?xml version="1.0" encoding="UTF-8"?>
<!-- Generated by org.testng.reporters.JUnitReportReporter -->
<testsuite hostname="DESKTOP-0ERKDPK" failures="0" tests="1" name="vtiger.contactTests.toCreateContact5Test" time="28.973" errors="0" timestamp="2024-03-19T10:14:12 IST" skipped="0">
  <testcase classname="vtiger.contactTests.toCreateContact5Test" name="tocreateContact_005" time="28.973"/>
  <system-out>
Contacts page is displayed successfully Create contacts page is displayed successfully Contacts info page displayed successfully Contact created successfully  </system-out>
</testsuite> <!-- vtiger.contactTests.toCreateContact5Test -->
