<?xml version="1.0" encoding="UTF-8"?>
<!-- Generated by org.testng.reporters.JUnitReportReporter -->
<testsuite hostname="DESKTOP-0ERKDPK" failures="0" tests="1" name="vtiger.contactTests.toCreateOrganization2Test" time="31.433" errors="0" timestamp="2024-03-18T09:38:08 IST" skipped="0">
  <testcase classname="vtiger.contactTests.toCreateOrganization2Test" name="toCreateOrganization_002" time="31.433"/>
  <system-out/>
</testsuite> <!-- vtiger.contactTests.toCreateOrganization2Test -->
