<?xml version="1.0" encoding="UTF-8"?>
<!-- Generated by org.testng.reporters.JUnitReportReporter -->
<testsuite hostname="DESKTOP-0ERKDPK" failures="0" tests="1" name="genericUtility.javaUtility" time="0.043" errors="0" timestamp="2024-03-20T08:41:40 IST" skipped="0">
  <testcase classname="genericUtility.javaUtility" name="toGetSystemDateAndTime" time="0.043"/>
  <system-out/>
</testsuite> <!-- genericUtility.javaUtility -->
