<?xml version="1.0" encoding="UTF-8"?>
<!-- Generated by org.testng.reporters.JUnitReportReporter -->
<testsuite hostname="DESKTOP-0ERKDPK" failures="0" tests="1" name="vtiger.contactTests.toCreateContactTest" time="33.443" errors="0" timestamp="2024-03-18T09:35:15 IST" skipped="0">
  <testcase classname="vtiger.contactTests.toCreateContactTest" name="toCreateContactTest_001" time="33.443"/>
  <system-out/>
</testsuite> <!-- vtiger.contactTests.toCreateContactTest -->
