<?xml version="1.0" encoding="UTF-8"?>
<!-- Generated by org.testng.reporters.JUnitReportReporter -->
<testsuite hostname="DESKTOP-0ERKDPK" failures="0" tests="1" name="vtiger.organizationTests.toCreateOrganization4Test" time="28.024" errors="0" timestamp="2024-03-19T09:41:26 IST" skipped="0">
  <testcase classname="vtiger.organizationTests.toCreateOrganization4Test" name="toCrateOrganization_004" time="28.024"/>
  <system-out>
Organization page displayed successfully Create organization page displayed successfully Organization info page displayed successfully Organization created successfully  </system-out>
</testsuite> <!-- vtiger.organizationTests.toCreateOrganization4Test -->
